{
  "RSpec": {
    "coverage": {
      "/Users/sararobinson/Documents/code/hapily/config/environment.rb": [
        null,
        1,
        null,
        null,
        1
      ],
      "/Users/sararobinson/Documents/code/hapily/config/application.rb": [
        1,
        null,
        1,
        null,
        1,
        null,
        1,
        null,
        null,
        null,
        null,
        1,
        1,
        null,
        null,
        null,
        null,
        null,
        null,
        null,
        null,
        null,
        null,
        null,
        null,
        null,
        null,
        null,
        null,
        null,
        null,
        null,
        null,
        null,
        null,
        null,
        1,
        null,
        null,
        1,
        null,
        null,
        1,
        null,
        null,
        null,
        null,
        null,
        null,
        null,
        null,
        null,
        null,
        1,
        null,
        null,
        1,
        null,
        null,
        1,
        null,
        null,
        1,
        null,
        null
      ],
      "/Users/sararobinson/Documents/code/hapily/config/boot.rb": [
        1,
        null,
        null,
        1,
        null,
        1
      ],
      "/Users/sararobinson/Documents/code/hapily/config/environments/test.rb": [
        1,
        null,
        null,
        null,
        null,
        null,
        null,
        1,
        null,
        null,
        1,
        1,
        null,
        null,
        1,
        null,
        null,
        1,
        1,
        null,
        null,
        1,
        null,
        null,
        1,
        null,
        null,
        null,
        null,
        1,
        null,
        null,
        1,
        null,
        null,
        1,
        null
      ],
      "/Users/sararobinson/Documents/code/hapily/config/initializers/backtrace_silencers.rb": [
        null,
        null,
        null,
        null,
        null,
        null,
        null
      ],
      "/Users/sararobinson/Documents/code/hapily/config/initializers/devise.rb": [
        null,
        null,
        1,
        null,
        null,
        null,
        1,
        null,
        null,
        null,
        null,
        null,
        null,
        null,
        null,
        1,
        null,
        null,
        null,
        null,
        null,
        null,
        null,
        null,
        null,
        null,
        null,
        null,
        null,
        null,
        null,
        null,
        null,
        null,
        null,
        null,
        null,
        1,
        null,
        null,
        null,
        null,
        1,
        null,
        null,
        null,
        null,
        null,
        null,
        null,
        null,
        null,
        null,
        null,
        null,
        null,
        null,
        null,
        null,
        null,
        null,
        null,
        null,
        null,
        null,
        null,
        null,
        null,
        null,
        null,
        null,
        null,
        1,
        null,
        null,
        null,
        null,
        null,
        null,
        null,
        null,
        1,
        null,
        null,
        null,
        null,
        null,
        null,
        null,
        null,
        null,
        null,
        null,
        null,
        null,
        null,
        null,
        null,
        null,
        null,
        null,
        null,
        null,
        null,
        null,
        null,
        1,
        null,
        null,
        null,
        null,
        null,
        null,
        null,
        null,
        null,
        null,
        null,
        null,
        null,
        null,
        null,
        null,
        null,
        1,
        null,
        null,
        null,
        null,
        null,
        null,
        null,
        null,
        null,
        null,
        null,
        null,
        null,
        null,
        null,
        null,
        null,
        null,
        null,
        null,
        null,
        null,
        null,
        null,
        null,
        null,
        null,
        null,
        null,
        null,
        null,
        null,
        null,
        null,
        null,
        null,
        null,
        null,
        null,
        null,
        null,
        null,
        null,
        null,
        null,
        1,
        null,
        null,
        null,
        null,
        null,
        null,
        null,
        null,
        null,
        null,
        null,
        null,
        null,
        null,
        null,
        null,
        null,
        null,
        null,
        null,
        null,
        null,
        null,
        null,
        null,
        null,
        null,
        null,
        null,
        null,
        null,
        null,
        null,
        null,
        null,
        null,
        null,
        null,
        null,
        1,
        null,
        null,
        null,
        null,
        null,
        null,
        null,
        null,
        null,
        null,
        null,
        null,
        null,
        null,
        null,
        null,
        null,
        null,
        null,
        null,
        null,
        null,
        null,
        null,
        null,
        null,
        null,
        null,
        null
      ],
      "/Users/sararobinson/Documents/code/hapily/config/initializers/inflections.rb": [
        null,
        null,
        null,
        null,
        null,
        null,
        null,
        null,
        null,
        null,
        null,
        null,
        null,
        null,
        null
      ],
      "/Users/sararobinson/Documents/code/hapily/config/initializers/mime_types.rb": [
        null,
        null,
        null,
        null,
        null
      ],
      "/Users/sararobinson/Documents/code/hapily/config/initializers/secret_token.rb": [
        null,
        null,
        null,
        null,
        null,
        null,
        1
      ],
      "/Users/sararobinson/Documents/code/hapily/config/initializers/session_store.rb": [
        null,
        null,
        1,
        null,
        null,
        null,
        null,
        null
      ],
      "/Users/sararobinson/Documents/code/hapily/config/initializers/simple_form.rb": [
        null,
        1,
        null,
        null,
        null,
        null,
        null,
        1,
        null,
        null,
        null,
        null,
        null,
        null,
        null,
        null,
        null,
        1,
        null,
        null,
        null,
        1,
        null,
        null,
        null,
        null,
        null,
        null,
        null,
        null,
        1,
        null,
        null,
        1,
        null,
        null,
        1,
        null,
        null,
        1,
        null,
        null,
        1,
        1,
        1,
        null,
        null,
        null,
        1,
        null,
        null,
        null,
        null,
        null,
        1,
        null,
        null,
        1,
        null,
        null,
        null,
        null,
        null,
        null,
        null,
        1,
        null,
        null,
        1,
        null,
        null,
        null,
        null,
        null,
        null,
        null,
        null,
        null,
        null,
        null,
        null,
        null,
        null,
        null,
        null,
        null,
        null,
        null,
        null,
        null,
        null,
        null,
        null,
        null,
        null,
        null,
        null,
        1,
        null,
        null,
        null,
        null,
        null,
        null,
        null,
        null,
        null,
        null,
        null,
        null,
        1,
        null,
        null,
        null,
        null,
        null,
        null,
        null,
        null,
        null,
        null,
        null,
        null,
        null,
        null,
        null,
        null,
        null,
        null,
        null,
        null,
        null,
        null,
        null,
        null,
        null,
        null,
        null,
        null,
        null,
        null,
        null
      ],
      "/Users/sararobinson/Documents/code/hapily/config/initializers/simple_form_bootstrap.rb": [
        null,
        1,
        1,
        1,
        1,
        1,
        1,
        1,
        1,
        1,
        null,
        null,
        null,
        1,
        1,
        1,
        1,
        1,
        1,
        1,
        null,
        1,
        1,
        null,
        null,
        null,
        1,
        1,
        1,
        1,
        1,
        1,
        1,
        null,
        1,
        1,
        null,
        null,
        null,
        null,
        null,
        null,
        null,
        1,
        null
      ],
      "/Users/sararobinson/Documents/code/hapily/config/initializers/stripe.rb": [
        1,
        null,
        null,
        null,
        null,
        1
      ],
      "/Users/sararobinson/Documents/code/hapily/config/initializers/wrap_parameters.rb": [
        null,
        null,
        null,
        null,
        null,
        null,
        1,
        1,
        null,
        null,
        null,
        1,
        1,
        null
      ],
      "/Users/sararobinson/Documents/code/hapily/config/routes.rb": [
        1,
        1,
        1,
        1,
        null,
        1,
        null,
        1,
        1,
        1,
        1,
        null,
        null,
        null,
        1,
        1,
        1,
        null,
        1,
        null,
        1,
        null,
        null,
        null,
        null,
        null,
        null,
        null,
        null,
        null,
        null,
        null,
        null,
        null,
        null,
        null,
        null,
        null,
        null,
        null,
        null,
        null,
        null,
        null,
        null,
        null,
        null,
        null,
        null,
        null,
        null,
        null,
        null,
        null,
        null,
        null,
        null,
        null,
        null,
        null,
        null,
        null,
        null,
        null,
        null,
        null,
        null,
        null,
        null,
        null,
        null,
        null,
        null,
        null,
        null,
        null,
        null,
        null,
        null
      ],
      "/Users/sararobinson/Documents/code/hapily/app/models/user.rb": [
        1,
        null,
        null,
        null,
        1,
        null,
        null,
        null,
        1,
        null,
        null,
        1,
        1,
        null,
        1,
        null,
        1,
        0,
        null,
        null
      ],
      "/Users/sararobinson/Documents/code/hapily/app/controllers/application_controller.rb": [
        1,
        1,
        null
      ],
      "/Users/sararobinson/Documents/code/hapily/app/helpers/application_helper.rb": [
        1,
        null
      ],
      "/Users/sararobinson/Documents/code/hapily/app/helpers/charges_helper.rb": [
        1,
        null
      ],
      "/Users/sararobinson/Documents/code/hapily/app/helpers/static_pages_helper.rb": [
        1,
        null
      ],
      "/Users/sararobinson/Documents/code/hapily/app/helpers/users_helper.rb": [
        1,
        1,
        0,
        0,
        0,
        0,
        null,
        null
      ],
      "/Users/sararobinson/Documents/code/hapily/app/controllers/apis_controller.rb": [
        1,
        1,
        null,
        null,
        3,
        null,
        null,
        3,
        1,
        null,
        2,
        null,
        null,
        null,
        3,
        1,
        null,
        null,
        null,
        1,
        1,
        1,
        1,
        0,
        null,
        1,
        null,
        1,
        null,
        null,
        1,
        3,
        3,
        null,
        3,
        null,
        null,
        3,
        null,
        3,
        3,
        null,
        0,
        0,
        null,
        null,
        null,
        1,
        1,
        1,
        1,
        null,
        1,
        null,
        null,
        1,
        0,
        0,
        0,
        0,
        null,
        null,
        null
      ],
      "/Users/sararobinson/Documents/code/hapily/app/models/api.rb": [
        1,
        null,
        1,
        null,
        1,
        1,
        1,
        null,
        1,
        1,
        null,
        1,
        1,
        1,
        1,
        null,
        null
      ],
      "/Users/sararobinson/Documents/code/hapily/app/controllers/categories_controller.rb": [
        1,
        1,
        0,
        null,
        null,
        1,
        0,
        null,
        0,
        null,
        null,
        0,
        null,
        0,
        null,
        0,
        null,
        null,
        null,
        0,
        0,
        0,
        null,
        null,
        null,
        1,
        null,
        null,
        1,
        null,
        null,
        1,
        null,
        null
      ],
      "/Users/sararobinson/Documents/code/hapily/app/models/category.rb": [
        1,
        1,
        null,
        1,
        null
      ],
      "/Users/sararobinson/Documents/code/hapily/app/controllers/charges_controller.rb": [
        1,
        1,
        null,
        null,
        1,
        null,
        0,
        null,
        0,
        null,
        null,
        null,
        null,
        0,
        null,
        null,
        null,
        null,
        null,
        null,
        0,
        0,
        null,
        0,
        null,
        null,
        null,
        0,
        0,
        null,
        null
      ],
      "/Users/sararobinson/Documents/code/hapily/app/controllers/reviews_controller.rb": [
        1,
        1,
        null,
        1,
        0,
        0,
        0,
        null,
        0,
        null,
        null,
        1,
        0,
        0,
        0,
        null,
        0,
        null,
        null,
        0,
        0,
        0,
        null,
        null,
        null
      ],
      "/Users/sararobinson/Documents/code/hapily/app/models/review.rb": [
        1,
        1,
        null,
        1,
        1,
        null,
        1,
        null,
        1,
        null
      ],
      "/Users/sararobinson/Documents/code/hapily/app/controllers/static_pages_controller.rb": [
        1,
        1,
        null,
        null,
        1,
        null,
        null
      ],
      "/Users/sararobinson/Documents/code/hapily/app/controllers/users_controller.rb": [
        1,
        1,
        0,
        0,
        null,
        null,
        1,
        0,
        null,
        null
      ],
      "/Users/sararobinson/Documents/code/hapily/app/controllers/votes_controller.rb": [
        1,
        1,
        0,
        0,
        0,
        0,
        null,
        0,
        0,
        0,
        0,
        null,
        0,
        null,
        0,
        0,
        0,
        0,
        null,
        0,
        0,
        null,
        0,
        0,
        null,
        null,
        null,
        0,
        0,
        0,
        null,
        null,
        null
      ],
      "/Users/sararobinson/Documents/code/hapily/app/models/vote.rb": [
        1,
        1,
        null,
        1,
        1,
        null
      ],
      "/Users/sararobinson/Documents/code/hapily/app/mailers/api_mailer.rb": [
        1,
        1,
        null,
        null,
        null,
        null,
        null,
        null,
        1,
        0,
        0,
        0,
        null,
        null
      ],
      "/Users/sararobinson/Documents/code/hapily/app/mailers/category_mailer.rb": [
        1,
        1,
        null,
        null,
        null,
        null,
        null,
        null,
        1,
        0,
        0,
        null,
        null
      ],
      "/Users/sararobinson/Documents/code/hapily/app/models/payment.rb": [
        1,
        1,
        null
      ],
      "/Users/sararobinson/Documents/code/hapily/spec/factories.rb": [
        1,
        1,
        7,
        7,
        1,
        null,
        null,
        1,
        7,
        7,
        8,
        8,
        null,
        null,
        1,
        7,
        null,
        null,
        1,
        1,
        1,
        1,
        null,
        null,
        1,
        1,
        1,
        null,
        null,
        null
      ],
      "/Users/sararobinson/Documents/code/hapily/spec/factories/payments.rb": [
        null,
        null,
        1,
        1,
        1,
        1,
        null,
        null
      ],
      "/Users/sararobinson/Documents/code/hapily/spec/support/controller_macros.rb": [
        1,
        1,
        2,
        6,
        6,
        6,
        null,
        null,
        null
      ],
      "/Users/sararobinson/Documents/code/hapily/spec/support/devise.rb": [
        1,
        1,
        1,
        null
      ]
    },
    "timestamp": 1367425619
  }
}
